Arguments: 
  D:\nodejs\node.exe C:\Users\86134\AppData\Roaming\npm\node_modules\yarn\bin\yarn.js install

PATH: 
  C:\Program Files (x86)\Common Files\Oracle\Java\javapath;C:\Windows\System32;C:\Windows\System32\wbem;C:\Windows\System32\WindowsPowerShell\v1.0\;C:\Users\86134\AppData\Roaming\npm;D:\software\Git\cmd;C:\Program Files\Java\jdk1.8.0_333\bin\bin;C:\Program Files\Java\jdk1.8.0_333\bin\jre\bin;D:\software\apache-maven-3.5.4\bin;%NVM_HOME%;%NVM_SYMLINK%;C:\Users\86134\AppData\Local\Microsoft\WindowsApps;C:\Users\86134\AppData\Local\Programs\Microsoft VS Code\bin;C:\Users\86134\AppData\Roaming\npm;D:\software\nvm;D:\nodejs

Yarn version: 
  1.22.19

Node version: 
  16.16.0

Platform: 
  win32 x64

Trace: 
  Error: ENOENT: no such file or directory, copyfile 'C:\Users\86134\AppData\Local\Yarn\Cache\v6\npm-extract-zip-2.0.1-663dca56fe46df890d5f131ef4a06d22bb8ba13a-integrity\node_modules\extract-zip\cli.js' -> 'D:\01_邓\private\h5\node_modules\electron\node_modules\extract-zip\cli.js'

npm manifest: 
  {
    "name": "app-name",
    "version": "0.1.0",
    "main": "main.js",
    "dependencies": {
      "electron-packager": "^12.2.0"
    },
    "scripts": {
      "start": "electron .",
      "packager": "electron-packager . fukaiitapp --out fukaiitapp --arch=x64 --overwrite --ignore=node_modules"
    },
    "devDependencies": {
      "electron": "^23.1.3"
    }
  }

yarn manifest: 
  No manifest

Lockfile: 
  No lockfile
